2019-04-01 17:34:01 ERROR Packer:124 - test\resources\packages.txt (The system cannot find the path specified)
2019-04-01 17:34:01 ERROR Packer:50 - Incorrect parameters are being passed
2019-04-01 17:34:14 ERROR Packer:124 - src\test\resources\packages.txt (The system cannot find the file specified)
2019-04-01 17:34:14 ERROR Packer:50 - Incorrect parameters are being passed
2019-04-01 17:34:21 ERROR Packer:124 - .\src\test\resources\packages.txt (The system cannot find the file specified)
2019-04-01 17:34:21 ERROR Packer:50 - Incorrect parameters are being passed
2019-04-01 17:40:01 ERROR Packer:124 - src\test\resources\packages.txt (The system cannot find the file specified)
2019-04-01 17:40:01 ERROR Packer:50 - Incorrect parameters are being passed
2019-04-01 17:40:13 ERROR Packer:124 - \test\resources\packages.txt (The system cannot find the path specified)
2019-04-01 17:40:13 ERROR Packer:50 - Incorrect parameters are being passed
2019-04-01 17:40:18 ERROR Packer:124 - test\resources\packages.txt (The system cannot find the path specified)
2019-04-01 17:40:18 ERROR Packer:50 - Incorrect parameters are being passed
2019-04-01 17:40:33 ERROR Packer:124 - packages.txt (The system cannot find the file specified)
2019-04-01 17:40:33 ERROR Packer:50 - Incorrect parameters are being passed
2019-04-01 17:40:55 ERROR Packer:124 - packages.txt (The system cannot find the file specified)
2019-04-01 17:40:55 ERROR Packer:50 - Incorrect parameters are being passed
2019-04-01 17:41:08 ERROR Packer:124 - resources\packages.txt (The system cannot find the path specified)
2019-04-01 17:41:08 ERROR Packer:50 - Incorrect parameters are being passed
2019-04-01 17:41:11 ERROR Packer:124 - \resources\packages.txt (The system cannot find the path specified)
2019-04-01 17:41:11 ERROR Packer:50 - Incorrect parameters are being passed
2019-04-01 17:41:17 ERROR Packer:124 - main\resources\packages.txt (The system cannot find the path specified)
2019-04-01 17:41:17 ERROR Packer:50 - Incorrect parameters are being passed
2019-04-01 17:41:19 ERROR Packer:124 - \main\resources\packages.txt (The system cannot find the path specified)
2019-04-01 17:41:19 ERROR Packer:50 - Incorrect parameters are being passed
2019-04-01 17:43:53 ERROR Packer:124 - e:\doesnotexist\packages.txt (The system cannot find the path specified)
2019-04-01 17:43:53 ERROR Packer:50 - Incorrect parameters are being passed
2019-04-01 17:43:53 ERROR Packer:124 - src\test\resources\packages.txt (The system cannot find the file specified)
2019-04-01 17:43:53 ERROR Packer:50 - Incorrect parameters are being passed
2019-04-01 17:44:43 ERROR Packer:124 - e:\doesnotexist\packages.txt (The system cannot find the path specified)
2019-04-01 17:44:43 ERROR Packer:50 - Incorrect parameters are being passed
2019-04-01 17:45:15 ERROR Packer:124 - e:\doesnotexist\packages.txt (The system cannot find the path specified)
2019-04-01 17:45:15 ERROR Packer:50 - Incorrect parameters are being passed
2019-04-01 17:46:53 ERROR Packer:124 - e:\doesnotexist\packages.txt (The system cannot find the path specified)
2019-04-01 17:46:53 ERROR Packer:50 - Incorrect parameters are being passed
2019-04-01 17:47:36 ERROR Packer:124 - e:\doesnotexist\packages.txt (The system cannot find the path specified)
2019-04-01 17:47:36 ERROR Packer:50 - Incorrect parameters are being passed
2019-04-01 17:47:44 ERROR Packer:124 - e:\doesnotexist\packages.txt (The system cannot find the path specified)
2019-04-01 17:47:44 ERROR Packer:50 - Incorrect parameters are being passed
2019-04-01 17:48:11 ERROR Packer:124 - e:\doesnotexist\packages.txt (The system cannot find the path specified)
2019-04-01 17:48:11 ERROR Packer:50 - Incorrect parameters are being passed
2019-04-01 17:48:33 ERROR Packer:124 - e:\doesnotexist\packages.txt (The system cannot find the path specified)
2019-04-01 17:48:33 ERROR Packer:50 - Incorrect parameters are being passed
2019-04-01 17:49:33 ERROR Packer:124 - e:\doesnotexist\packages.txt (The system cannot find the path specified)
2019-04-01 17:49:33 ERROR Packer:50 - Incorrect parameters are being passed
2019-04-01 17:50:35 ERROR Packer:124 - e:\doesnotexist\packages.txt (The system cannot find the path specified)
2019-04-01 17:50:35 ERROR Packer:50 - Incorrect parameters are being passed
